<?xml version='1.0'?>
<ns2:test-suite xmlns:ns2='urn:model.allure.qatools.yandex.ru' start='1616580039825' stop='1616580039963'>
    <name>Stylist CRUD functionalities: Test the Remove Stylist Functionality</name>
    <title>Stylist CRUD functionalities: Test the Remove Stylist Functionality</title>
    <test-cases>
        <test-case start='1616580039825' status='broken' stop='1616580039826'>
            <name>Error when trying to remove the stylist you are logged in as</name>
            <title>Error when trying to remove the stylist you are logged in as</title>
            <labels>
                <label name='language' value='javascript'/>
                <label name='framework' value='wdio'/>
                <label name='thread' value='0-1'/>
            </labels>
            <parameters>
                <parameter kind='argument' name='browser' value='chrome-89.0.4389.90'/>
            </parameters>
            <steps/>
            <attachments/>
            <failure>
                <message>_StylistCRUD.stylistCommon.clickSelectedStylist is not a function</message>
                <stack-trace>TypeError: _StylistCRUD.stylistCommon.clickSelectedStylist is not a function
                    at Context.&lt;anonymous> (C:\Users\Camelia\ColorDj\tests\/Test-StylistCRUD.js:80:27)
                    at Context.executeSync (C:\Users\Camelia\ColorDj\node_modules\@wdio\sync\build\index.js:38:22)
                    at C:\Users\Camelia\ColorDj\node_modules\@wdio\sync\build\index.js:69:68</stack-trace>
            </failure>
        </test-case>
        <test-case start='1616580039827' status='broken' stop='1616580039963'>
            <name>Should remove existings stylist</name>
            <title>Should remove existings stylist</title>
            <labels>
                <label name='language' value='javascript'/>
                <label name='framework' value='wdio'/>
                <label name='thread' value='0-1'/>
            </labels>
            <parameters>
                <parameter kind='argument' name='browser' value='chrome-89.0.4389.90'/>
            </parameters>
            <steps/>
            <attachments/>
            <failure>
                <message>_StylistCRUD.stylistCommon.clickSelectedStylist is not a function</message>
                <stack-trace>TypeError: _StylistCRUD.stylistCommon.clickSelectedStylist is not a function
                    at Context.&lt;anonymous> (C:\Users\Camelia\ColorDj\tests\/Test-StylistCRUD.js:91:27)
                    at Context.executeSync (C:\Users\Camelia\ColorDj\node_modules\@wdio\sync\build\index.js:38:22)
                    at C:\Users\Camelia\ColorDj\node_modules\@wdio\sync\build\index.js:69:68</stack-trace>
            </failure>
        </test-case>
    </test-cases>
</ns2:test-suite>